<?xml version="1.0" encoding="UTF-8"?>
<!-- Generated by org.testng.reporters.JUnitXMLReporter -->
<testsuite ignored="0" hostname="CHETUIWK2155" failures="0" tests="3" name="Default test" time="0.028" errors="0" timestamp="2022-05-19T22:17:13 IST">
  <testcase classname="Org.TestNGFrameworke.Day" name="demo" time="0.005"/>
  <testcase classname="Org.TestNGFrameworke.Day" name="demo1" time="0.001"/>
  <testcase classname="Org.TestNGFrameworke.Day" name="demo2" time="0.0"/>
</testsuite> <!-- Default test -->
