<?xml version="1.0" encoding="UTF-8"?>
<!-- Generated by org.testng.reporters.JUnitXMLReporter -->
<testsuite ignored="1" hostname="CHETUIWK2155" failures="0" tests="4" name="/Car Loan" time="0.005" errors="0" timestamp="2022-05-19T22:21:57 IST">
  <testcase classname="Org.TestNGFrameworke.Day2" name="homeLoan" time="0.001"/>
  <testcase classname="Org.TestNGFrameworke.Day2" name="mobileLoan" time="0.001"/>
  <testcase classname="Org.TestNGFrameworke.Day2" name="mobileLoanSignin" time="0.0"/>
  <testcase classname="Org.TestNGFrameworke.Day2" name="mobileLoanSignout" time="0.0"/>
  <testcase classname="Org.TestNGFrameworke.Day2" name="carLoan" time="0.0">
    <ignored/>
  </testcase> <!-- carLoan -->
</testsuite> <!-- /Car Loan -->
