<?xml version="1.0" encoding="UTF-8"?>
<!-- Generated by org.testng.reporters.JUnitXMLReporter -->
<testsuite ignored="2" hostname="CHETUIWK2155" failures="0" tests="1" name="/Day" time="0.022" errors="0" timestamp="2022-05-19T22:04:28 IST">
  <testcase classname="Org.TestNGFrameworke.Day" name="demo" time="0.004"/>
  <testcase classname="Org.TestNGFrameworke.Day" name="demo2" time="0.0">
    <ignored/>
  </testcase> <!-- demo2 -->
  <testcase classname="Org.TestNGFrameworke.Day" name="demo1" time="0.0">
    <ignored/>
  </testcase> <!-- demo1 -->
</testsuite> <!-- /Day -->
