<?xml version="1.0" encoding="UTF-8"?>
<!-- Generated by org.testng.reporters.JUnitXMLReporter -->
<testsuite ignored="0" hostname="CHETUIWK2155" failures="0" tests="9" name="/Personal Loan" time="0.036" errors="0" timestamp="2022-05-19T22:31:20 IST">
  <testcase classname="Org.TestNGFrameworke.Day" name="demo" time="0.005"/>
  <testcase classname="Org.TestNGFrameworke.Day" name="demo1" time="0.0"/>
  <testcase classname="Org.TestNGFrameworke.Day" name="demo2" time="0.0"/>
  <testcase classname="Org.TestNGFrameworke.Day1$Day" name="demo" time="0.001"/>
  <testcase classname="Org.TestNGFrameworke.Day2" name="carLoan" time="0.0"/>
  <testcase classname="Org.TestNGFrameworke.Day2" name="homeLoan" time="0.0"/>
  <testcase classname="Org.TestNGFrameworke.Day2" name="mobileLoan" time="0.001"/>
  <testcase classname="Org.TestNGFrameworke.Day2" name="mobileLoanSignin" time="0.001"/>
  <testcase classname="Org.TestNGFrameworke.Day2" name="mobileLoanSignout" time="0.001"/>
</testsuite> <!-- /Personal Loan -->
