<?xml version="1.0" encoding="UTF-8"?>
<testng-results ignored="0" total="9" passed="9" failed="0" skipped="0">
  <reporter-output>
  </reporter-output>
  <suite started-at="2022-05-19T22:31:20 IST" name="Suite" finished-at="2022-05-19T22:31:20 IST" duration-ms="36">
    <groups>
    </groups>
    <test started-at="2022-05-19T22:31:20 IST" name="/Personal Loan" finished-at="2022-05-19T22:31:20 IST" duration-ms="36">
      <class name="Org.TestNGFrameworke.Day1$Day">
        <test-method signature="demo()[pri:0, instance:Org.TestNGFrameworke.Day1$Day@7bab3f1a]" started-at="2022-05-19T22:31:20 IST" name="demo" finished-at="2022-05-19T22:31:20 IST" duration-ms="1" status="PASS">
          <reporter-output>
          </reporter-output>
        </test-method> <!-- demo -->
      </class> <!-- Org.TestNGFrameworke.Day1$Day -->
      <class name="Org.TestNGFrameworke.Day2">
        <test-method signature="carLoan()[pri:0, instance:Org.TestNGFrameworke.Day2@437da279]" started-at="2022-05-19T22:31:20 IST" name="carLoan" finished-at="2022-05-19T22:31:20 IST" duration-ms="0" status="PASS">
          <reporter-output>
          </reporter-output>
        </test-method> <!-- carLoan -->
        <test-method signature="homeLoan()[pri:0, instance:Org.TestNGFrameworke.Day2@437da279]" started-at="2022-05-19T22:31:20 IST" name="homeLoan" finished-at="2022-05-19T22:31:20 IST" duration-ms="0" status="PASS">
          <reporter-output>
          </reporter-output>
        </test-method> <!-- homeLoan -->
        <test-method signature="mobileLoan()[pri:0, instance:Org.TestNGFrameworke.Day2@437da279]" started-at="2022-05-19T22:31:20 IST" name="mobileLoan" finished-at="2022-05-19T22:31:20 IST" duration-ms="1" status="PASS">
          <reporter-output>
          </reporter-output>
        </test-method> <!-- mobileLoan -->
        <test-method signature="mobileLoanSignin()[pri:0, instance:Org.TestNGFrameworke.Day2@437da279]" started-at="2022-05-19T22:31:20 IST" name="mobileLoanSignin" finished-at="2022-05-19T22:31:20 IST" duration-ms="1" status="PASS">
          <reporter-output>
          </reporter-output>
        </test-method> <!-- mobileLoanSignin -->
        <test-method signature="mobileLoanSignout()[pri:0, instance:Org.TestNGFrameworke.Day2@437da279]" started-at="2022-05-19T22:31:20 IST" name="mobileLoanSignout" finished-at="2022-05-19T22:31:20 IST" duration-ms="1" status="PASS">
          <reporter-output>
          </reporter-output>
        </test-method> <!-- mobileLoanSignout -->
      </class> <!-- Org.TestNGFrameworke.Day2 -->
      <class name="Org.TestNGFrameworke.Day">
        <test-method signature="demo()[pri:0, instance:Org.TestNGFrameworke.Day@3a44431a]" started-at="2022-05-19T22:31:20 IST" name="demo" finished-at="2022-05-19T22:31:20 IST" duration-ms="5" status="PASS">
          <reporter-output>
          </reporter-output>
        </test-method> <!-- demo -->
        <test-method signature="demo1()[pri:0, instance:Org.TestNGFrameworke.Day@3a44431a]" started-at="2022-05-19T22:31:20 IST" name="demo1" finished-at="2022-05-19T22:31:20 IST" duration-ms="0" status="PASS">
          <reporter-output>
          </reporter-output>
        </test-method> <!-- demo1 -->
        <test-method signature="demo2()[pri:0, instance:Org.TestNGFrameworke.Day@3a44431a]" started-at="2022-05-19T22:31:20 IST" name="demo2" finished-at="2022-05-19T22:31:20 IST" duration-ms="0" status="PASS">
          <reporter-output>
          </reporter-output>
        </test-method> <!-- demo2 -->
      </class> <!-- Org.TestNGFrameworke.Day -->
    </test> <!-- /Personal Loan -->
  </suite> <!-- Suite -->
</testng-results>
